0 info it worked if it ends with ok
1 verbose cli [ 'D:\\Program Files\\nodejs\\node.exe',
1 verbose cli   'D:\\Program Files\\nodejs\\node_modules\\npm\\bin\\npm-cli.js',
1 verbose cli   'run',
1 verbose cli   'test' ]
2 info using npm@3.6.0
3 info using node@v5.7.0
4 verbose run-script [ 'pretest', 'test', 'posttest' ]
5 info lifecycle platzigram-db@1.0.0~pretest: platzigram-db@1.0.0
6 silly lifecycle platzigram-db@1.0.0~pretest: no script for pretest, continuing
7 info lifecycle platzigram-db@1.0.0~test: platzigram-db@1.0.0
8 verbose lifecycle platzigram-db@1.0.0~test: unsafe-perm in lifecycle true
9 verbose lifecycle platzigram-db@1.0.0~test: PATH: D:\Program Files\nodejs\node_modules\npm\bin\node-gyp-bin;C:\Users\a1\Desktop\platzigram-db\node_modules\.bin;D:\Python27\;D:\Python27\Scripts;C:\ProgramData\Oracle\Java\javapath;C:\Program Files\Common Files\Microsoft Shared\Windows Live;C:\Program Files (x86)\Common Files\Microsoft Shared\Windows Live;C:\WINDOWS\system32;C:\WINDOWS;C:\WINDOWS\System32\Wbem;C:\WINDOWS\System32\WindowsPowerShell\v1.0\;C:\Program Files (x86)\Microsoft SQL Server\100\Tools\Binn\;C:\Program Files\Microsoft SQL Server\100\Tools\Binn\;C:\Program Files\Microsoft SQL Server\100\DTS\Binn\;C:\Program Files (x86)\Microsoft SQL Server\100\Tools\Binn\VSShell\Common7\IDE\;C:\Program Files (x86)\Microsoft SQL Server\100\DTS\Binn\;C:\Program Files (x86)\Microsoft Visual Studio 9.0\Common7\IDE\PrivateAssemblies\;C:\Program Files (x86)\Microsoft SQL Server\90\Tools\binn\;C:\strawberry\c\bin;C:\strawberry\perl\site\bin;C:\strawberry\perl\bin;C:\Program Files (x86)\Common Files\Roxio Shared\DLLShared\;C:\Program Files (x86)\Common Files\Roxio Shared\9.0\DLLShared\;C:\Program Files (x86)\Windows Live\Shared;D:\program files (x86)\cashflow\QTSystem\;C:\Program Files (x86)\Calibre2\;D:\Program Files\nodejs\;D:\Program Files\Git\cmd;C:\Program Files (x86)\Windows Kits\8.1\Windows Performance Toolkit\;D:\Program Files (x86)\Yarn\bin;d:\Program Files (x86)\Nmap;C:\Users\a1\AppData\Local\Microsoft\WindowsApps;C:\Users\a1\AppData\Roaming\npm;C:\Users\a1\AppData\Local\Yarn\.bin
10 verbose lifecycle platzigram-db@1.0.0~test: CWD: C:\Users\a1\Desktop\platzigram-db
11 silly lifecycle platzigram-db@1.0.0~test: Args: [ '/d /s /c', 'npm run lint && ava' ]
12 silly lifecycle platzigram-db@1.0.0~test: Returned: code: 1  signal: null
13 info lifecycle platzigram-db@1.0.0~test: Failed to exec test script
14 verbose stack Error: platzigram-db@1.0.0 test: `npm run lint && ava`
14 verbose stack Exit status 1
14 verbose stack     at EventEmitter.<anonymous> (D:\Program Files\nodejs\node_modules\npm\lib\utils\lifecycle.js:232:16)
14 verbose stack     at emitTwo (events.js:100:13)
14 verbose stack     at EventEmitter.emit (events.js:185:7)
14 verbose stack     at ChildProcess.<anonymous> (D:\Program Files\nodejs\node_modules\npm\lib\utils\spawn.js:24:14)
14 verbose stack     at emitTwo (events.js:100:13)
14 verbose stack     at ChildProcess.emit (events.js:185:7)
14 verbose stack     at maybeClose (internal/child_process.js:827:16)
14 verbose stack     at Process.ChildProcess._handle.onexit (internal/child_process.js:211:5)
15 verbose pkgid platzigram-db@1.0.0
16 verbose cwd C:\Users\a1\Desktop\platzigram-db
17 error Windows_NT 10.0.14393
18 error argv "D:\\Program Files\\nodejs\\node.exe" "D:\\Program Files\\nodejs\\node_modules\\npm\\bin\\npm-cli.js" "run" "test"
19 error node v5.7.0
20 error npm  v3.6.0
21 error code ELIFECYCLE
22 error platzigram-db@1.0.0 test: `npm run lint && ava`
22 error Exit status 1
23 error Failed at the platzigram-db@1.0.0 test script 'npm run lint && ava'.
23 error Make sure you have the latest version of node.js and npm installed.
23 error If you do, this is most likely a problem with the platzigram-db package,
23 error not with npm itself.
23 error Tell the author that this fails on your system:
23 error     npm run lint && ava
23 error You can get information on how to open an issue for this project with:
23 error     npm bugs platzigram-db
23 error Or if that isn't available, you can get their info via:
23 error     npm owner ls platzigram-db
23 error There is likely additional logging output above.
24 verbose exit [ 1, true ]
